[debug] [2017-07-07T19:05:04.421Z] ----------------------------------------------------------------------
[debug] [2017-07-07T19:05:04.424Z] Command:      /usr/local/bin/node /usr/local/bin/firebase serve --only functions
[debug] [2017-07-07T19:05:04.424Z] CLI Version:  3.9.1
[debug] [2017-07-07T19:05:04.424Z] Platform:     darwin
[debug] [2017-07-07T19:05:04.424Z] Node Version: v7.3.0
[debug] [2017-07-07T19:05:04.425Z] Time:         Sat Jul 08 2017 01:05:04 GMT+0600 (+06)
[debug] [2017-07-07T19:05:04.425Z] ----------------------------------------------------------------------
[debug] 
[debug] [2017-07-07T19:05:04.436Z] > command requires scopes: ["email","openid","https://www.googleapis.com/auth/cloudplatformprojects.readonly","https://www.googleapis.com/auth/firebase","https://www.googleapis.com/auth/cloud-platform"]
[debug] [2017-07-07T19:05:04.436Z] > authorizing via signed-in user
[debug] [2017-07-07T19:05:04.438Z] >>> HTTP REQUEST GET https://admin.firebase.com/v1/projects/tvapp-ea52d  
 Sat Jul 08 2017 01:05:04 GMT+0600 (+06)
[debug] [2017-07-07T19:05:06.009Z] <<< HTTP RESPONSE 200
[debug] [2017-07-07T19:05:06.010Z] >>> HTTP REQUEST GET https://admin.firebase.com/v1/database/tvapp-ea52d/tokens  
 Sat Jul 08 2017 01:05:06 GMT+0600 (+06)
[debug] [2017-07-07T19:05:07.013Z] <<< HTTP RESPONSE 200
[info] 
[info] === Serving from '/Users/tarex/redq/tvapp'...
[info] 
[info] i  functions: Preparing to emulate HTTPS functions. Support for other event types coming soon.
[debug] [2017-07-07T19:05:07.280Z] >>> HTTP REQUEST GET https://appengine.googleapis.com/v1/apps/tvapp-ea52d  
 Sat Jul 08 2017 01:05:07 GMT+0600 (+06)
[debug] [2017-07-07T19:05:07.281Z] >>> HTTP REQUEST GET https://apikeys.googleapis.com/v1/projects/tvapp-ea52d/apiKeys  
 Sat Jul 08 2017 01:05:07 GMT+0600 (+06)
[debug] [2017-07-07T19:05:08.816Z] <<< HTTP RESPONSE 200
[debug] [2017-07-07T19:05:08.979Z] <<< HTTP RESPONSE 200
[info] ✔  functions: api: http://localhost:5002/tvapp-ea52d/us-central1/api
